%!Adobe-FontList 1.14
%Locale:0x804

%BeginFont
Handler:DirectoryHandler
FontType:Invalid
OutlineFileName:E:\未命名站点 2\Font\demo.css
FileModTime:1482372972
%EndFont

%BeginFont
Handler:DirectoryHandler
FontType:Invalid
OutlineFileName:E:\未命名站点 2\Font\demo_fontclass.html
FileModTime:1482372972
%EndFont

%BeginFont
Handler:DirectoryHandler
FontType:Invalid
OutlineFileName:E:\未命名站点 2\Font\demo_symbol.html
FileModTime:1482372972
%EndFont

%BeginFont
Handler:DirectoryHandler
FontType:Invalid
OutlineFileName:E:\未命名站点 2\Font\demo_unicode.html
FileModTime:1482372972
%EndFont

%BeginFont
Handler:DirectoryHandler
FontType:Invalid
OutlineFileName:E:\未命名站点 2\Font\iconfont.css
FileModTime:1482372972
%EndFont

%BeginFont
Handler:DirectoryHandler
FontType:Invalid
OutlineFileName:E:\未命名站点 2\Font\iconfont.eot
FileModTime:1482372972
%EndFont

%BeginFont
Handler:DirectoryHandler
FontType:Invalid
OutlineFileName:E:\未命名站点 2\Font\iconfont.js
FileModTime:1482372972
%EndFont

%BeginFont
Handler:DirectoryHandler
FontType:Invalid
OutlineFileName:E:\未命名站点 2\Font\iconfont.svg
FileModTime:1482372972
%EndFont

%BeginFont
Handler:DirectoryHandler
FontType:TrueType
FontName:iconfont
FamilyName:iconfont
StyleName:Medium
FullName:iconfont
MenuName:iconfont
StyleBits:0
WritingScript:Roman
OutlineFileName:E:\未命名站点 2\Font\iconfont.ttf
DataFormat:sfntData
FileLength:6620
FileModTime:1482372972
WeightClass:500
WidthClass:5
AngleClass:0
%EndFont

%BeginFont
Handler:DirectoryHandler
FontType:Invalid
OutlineFileName:E:\未命名站点 2\Font\iconfont.woff
FileModTime:1482372972
%EndFont

